{
  "stats": {
    "suites": 0,
    "tests": 0,
    "passes": 0,
    "pending": 0,
    "failures": 0,
    "start": "2022-09-26T16:01:08.994Z",
    "end": "2022-09-26T16:01:09.261Z",
    "duration": 267,
    "testsRegistered": 0,
    "passPercent": null,
    "pendingPercent": null,
    "other": 1,
    "hasOther": true,
    "skipped": 0,
    "hasSkipped": false
  },
  "results": [
    false
  ],
  "meta": {
    "mocha": {
      "version": "10.0.0"
    },
    "mochawesome": {
      "options": {
        "quiet": false,
        "reportFilename": "Testresults.html",
        "saveHtml": true,
        "saveJson": true,
        "consoleReporter": "spec",
        "useInlineDiffs": false,
        "code": true
      },
      "version": "7.1.3"
    },
    "marge": {
      "options": {
        "reportDir": "TestReports/",
        "reportFilename": "Testresults.html"
      },
      "version": "6.2.0"
    }
  }
}