{
  "stats": {
    "suites": 2,
    "tests": 3,
    "passes": 2,
    "pending": 0,
    "failures": 1,
    "start": "2022-09-22T21:56:40.583Z",
    "end": "2022-09-22T21:56:48.474Z",
    "duration": 7891,
    "testsRegistered": 3,
    "passPercent": 66.66666666666666,
    "pendingPercent": 0,
    "other": 0,
    "hasOther": false,
    "skipped": 0,
    "hasSkipped": false
  },
  "results": [
    {
      "uuid": "1ebe953e-07bb-4f2f-8cd9-d836927bf820",
      "title": "",
      "fullFile": "",
      "file": "",
      "beforeHooks": [],
      "afterHooks": [],
      "tests": [],
      "suites": [
        {
          "uuid": "80ad1281-c9f9-433e-b30d-2077c9947b5d",
          "title": "Add todo tests",
          "fullFile": "D:\\Repo\\javascirpt_mocha_selenium\\test\\firstTest.js",
          "file": "\\test\\firstTest.js",
          "beforeHooks": [],
          "afterHooks": [],
          "tests": [
            {
              "title": "successfully add a todo application",
              "fullTitle": "Add todo tests successfully add a todo application",
              "timedOut": null,
              "duration": 4129,
              "state": "passed",
              "speed": "slow",
              "pass": true,
              "fail": false,
              "pending": false,
              "context": null,
              "code": "//Launch the browser \n        let driver = await new Builder().forBrowser(\"firefox\").build()\n        //naviate to our application\n        await driver.get(\"https://lambdatest.github.io/sample-todo-app/\");\n        //add a todo \n        await driver.findElement(By.id(\"sampletodotext\"))\n            .sendKeys(\"Learn Selenium\", Key.RETURN);\n        //asserts\n        let todoText = await driver.findElement(By.xpath(\"//li[last()]\"))\n            .getText()\n            .then(function (value) {\n                return value;\n            });\n        //assert using chai should\n        todoText.should.equal((\"Learn Selenium\"));\n        //close the browser\n        await driver.quit();",
              "err": {},
              "uuid": "b87b96ae-9158-42d3-8946-42d7318beaf8",
              "parentUUID": null,
              "isHook": false,
              "skipped": false
            }
          ],
          "suites": [],
          "passes": [
            "b87b96ae-9158-42d3-8946-42d7318beaf8"
          ],
          "failures": [],
          "pending": [],
          "skipped": [],
          "duration": 4129,
          "root": false,
          "rootEmpty": false,
          "_timeout": null
        },
        {
          "uuid": "333750fb-3acc-4dd1-8f0e-4749fd867bea",
          "title": "Add another todo tests",
          "fullFile": "D:\\Repo\\javascirpt_mocha_selenium\\test\\secondTest.js",
          "file": "\\test\\secondTest.js",
          "beforeHooks": [],
          "afterHooks": [],
          "tests": [
            {
              "title": "successfully add another todo application",
              "fullTitle": "Add another todo tests successfully add another todo application",
              "timedOut": null,
              "duration": 4802,
              "state": "passed",
              "speed": "slow",
              "pass": true,
              "fail": false,
              "pending": false,
              "context": null,
              "code": "//Launch the browser \n        let driver = await new Builder().forBrowser(\"firefox\").build()\n        //navigate to our application\n        await driver.get(\"https://lambdatest.github.io/sample-todo-app/\");\n        //add a todo \n        await driver.findElement(By.id(\"sampletodotext\"))\n            .sendKeys(\"Learn Selenium\", Key.RETURN);\n        //asserts\n        let todoText = await driver.findElement(By.xpath(\"//li[last()]\"))\n            .getText()\n            .then(function (value) {\n                return value;\n            });\n        //assert using chai should\n        todoText.should.equal((\"Learn Selenium\"));\n        //close the browser\n        await driver.quit();",
              "err": {},
              "uuid": "19180ae0-e557-45a5-9a4d-e14b6e4dd07e",
              "parentUUID": null,
              "isHook": false,
              "skipped": false
            },
            {
              "title": "adding a new test for reporting",
              "fullTitle": "Add another todo tests adding a new test for reporting",
              "timedOut": null,
              "duration": 2741,
              "state": "failed",
              "speed": null,
              "pass": false,
              "fail": true,
              "pending": false,
              "context": null,
              "code": "//Launch the browser \n        let driver = await new Builder().forBrowser(\"firefox\").build()\n        //navigate to our application\n        await driver.get(\"https://lambdatest.github.io/sample-todo-app/\");\n        //add a todo \n        await driver.findElement(By.id(\"sampletodotext\"))\n            .sendKeys(\"Learn Python\", Key.RETURN);\n        //asserts\n        let todoText = await driver.findElement(By.xpath(\"//li[last()]\"))\n            .getText()\n            .then(function (value) {\n                return value;\n            });\n        //assert using chai should\n        todoText.should.equal((\"C#\"));\n        //close the browser\n        await driver.quit();",
              "err": {
                "message": "AssertionError: expected 'Learn Python' to equal 'C#'",
                "estack": "AssertionError: expected 'Learn Python' to equal 'C#'\n    at Context.<anonymous> (test\\secondTest.js:59:25)\n    at processTicksAndRejections (node:internal/process/task_queues:96:5)",
                "diff": "- Learn Python\n+ C#\n"
              },
              "uuid": "c028468d-8b6b-403e-afcd-9e81f7098179",
              "parentUUID": null,
              "isHook": false,
              "skipped": false
            }
          ],
          "suites": [],
          "passes": [
            "19180ae0-e557-45a5-9a4d-e14b6e4dd07e"
          ],
          "failures": [
            "c028468d-8b6b-403e-afcd-9e81f7098179"
          ],
          "pending": [],
          "skipped": [],
          "duration": 7543,
          "root": false,
          "rootEmpty": false,
          "_timeout": null
        }
      ],
      "passes": [],
      "failures": [],
      "pending": [],
      "skipped": [],
      "duration": 0,
      "root": true,
      "rootEmpty": true,
      "_timeout": 0
    }
  ],
  "meta": {
    "mocha": {
      "version": "10.0.0"
    },
    "mochawesome": {
      "options": {
        "quiet": false,
        "reportFilename": "Testresults.html",
        "saveHtml": true,
        "saveJson": true,
        "consoleReporter": "spec",
        "useInlineDiffs": false,
        "code": true
      },
      "version": "7.1.3"
    },
    "marge": {
      "options": {
        "reportDir": "TestReports/",
        "reportFilename": "Testresults.html"
      },
      "version": "6.2.0"
    }
  }
}